TN:
SF:src/index.ts
FNF:0
FNH:0
DA:1,1
DA:2,1
DA:3,1
DA:4,1
DA:5,1
DA:6,1
DA:7,1
DA:8,1
DA:9,1
DA:10,1
DA:11,1
DA:12,1
DA:13,1
DA:14,1
DA:15,1
DA:16,1
DA:17,1
DA:18,1
DA:19,1
DA:20,1
DA:21,1
DA:22,1
DA:23,1
DA:24,1
DA:25,1
DA:26,1
DA:27,1
DA:28,1
DA:29,1
DA:30,1
DA:31,1
DA:32,1
DA:33,1
DA:34,1
DA:35,1
DA:36,1
DA:37,1
DA:38,1
DA:39,1
DA:40,1
DA:41,1
DA:42,1
DA:43,1
DA:44,1
DA:45,1
DA:46,1
DA:47,1
DA:48,1
DA:49,1
DA:50,1
DA:51,1
DA:52,1
DA:53,1
DA:54,1
DA:55,1
DA:56,1
DA:57,1
DA:58,1
DA:59,1
DA:60,1
DA:61,1
DA:62,1
DA:63,1
DA:64,0
DA:65,1
LF:65
LH:64
BRF:0
BRH:0
end_of_record
TN:
SF:src/routes/auth.ts
FN:6,auth
FNF:1
FNH:1
FNDA:4,auth
DA:1,1
DA:2,1
DA:3,1
DA:4,1
DA:5,1
DA:6,1
DA:7,4
DA:8,4
DA:9,4
DA:10,4
DA:11,4
DA:12,4
DA:13,0
DA:14,0
DA:15,4
DA:16,4
DA:17,4
DA:18,4
DA:19,4
DA:20,4
DA:21,3
DA:22,2
DA:23,1
DA:24,1
DA:25,1
DA:26,1
DA:27,1
DA:28,1
DA:29,1
DA:30,1
DA:31,1
DA:32,1
DA:33,1
DA:34,1
DA:35,1
DA:36,1
DA:37,1
DA:38,1
DA:39,1
DA:40,1
DA:41,1
DA:42,1
DA:43,1
DA:44,1
DA:45,1
DA:46,1
DA:47,1
DA:48,1
DA:49,1
DA:50,1
DA:51,1
DA:52,1
DA:53,1
DA:54,1
DA:55,1
DA:56,1
DA:57,1
DA:58,1
DA:59,1
DA:60,2
DA:61,0
DA:62,0
DA:63,3
DA:64,1
DA:65,1
DA:66,1
DA:67,1
DA:68,4
DA:69,1
DA:70,1
DA:71,1
DA:72,1
DA:73,3
DA:74,3
LF:74
LH:70
BRDA:6,0,0,4
BRDA:12,1,0,0
BRDA:20,2,0,3
BRDA:21,3,0,2
BRDA:22,4,0,1
BRDA:60,5,0,0
BRDA:63,6,0,1
BRDA:68,7,0,1
BRDA:73,8,0,3
BRDA:57,9,0,1
BRF:10
BRH:8
end_of_record
TN:
SF:src/routes/auth_en.ts
FN:6,authEn
FNF:1
FNH:1
FNDA:4,authEn
DA:1,1
DA:2,1
DA:3,1
DA:4,1
DA:5,1
DA:6,1
DA:7,4
DA:8,4
DA:9,4
DA:10,4
DA:11,4
DA:12,4
DA:13,4
DA:14,4
DA:15,0
DA:16,0
DA:17,4
DA:18,4
DA:19,4
DA:20,4
DA:21,4
DA:22,4
DA:23,3
DA:24,2
DA:25,1
DA:26,1
DA:27,1
DA:28,1
DA:29,1
DA:30,1
DA:31,1
DA:32,1
DA:33,1
DA:34,1
DA:35,1
DA:36,1
DA:37,1
DA:38,1
DA:39,1
DA:40,1
DA:41,1
DA:42,1
DA:43,1
DA:44,1
DA:45,1
DA:46,1
DA:47,1
DA:48,1
DA:49,1
DA:50,1
DA:51,1
DA:52,1
DA:53,1
DA:54,1
DA:55,1
DA:56,1
DA:57,1
DA:58,1
DA:59,1
DA:60,1
DA:61,2
DA:62,0
DA:63,0
DA:64,3
DA:65,1
DA:66,1
DA:67,1
DA:68,1
DA:69,4
DA:70,1
DA:71,1
DA:72,1
DA:73,1
DA:74,3
DA:75,3
LF:75
LH:71
BRDA:6,0,0,4
BRDA:14,1,0,0
BRDA:22,2,0,3
BRDA:23,3,0,2
BRDA:24,4,0,1
BRDA:61,5,0,0
BRDA:64,6,0,1
BRDA:69,7,0,1
BRDA:74,8,0,3
BRDA:58,9,0,1
BRF:10
BRH:8
end_of_record
TN:
SF:src/routes/change_language.ts
FN:5,changeLanguage
FNF:1
FNH:1
FNDA:5,changeLanguage
DA:1,1
DA:2,1
DA:3,1
DA:4,1
DA:5,1
DA:6,5
DA:7,5
DA:8,5
DA:9,5
DA:10,5
DA:11,2
DA:12,2
DA:13,2
DA:14,2
DA:15,3
DA:16,3
DA:17,3
DA:18,3
DA:19,3
DA:20,3
DA:21,3
DA:22,5
DA:23,2
DA:24,5
DA:25,2
DA:26,2
DA:27,2
DA:28,2
DA:29,3
DA:30,3
DA:31,3
DA:32,3
DA:33,3
DA:34,3
DA:35,3
DA:36,3
DA:37,3
DA:38,3
DA:39,3
DA:40,3
DA:41,3
DA:42,3
DA:43,3
DA:44,3
DA:45,3
DA:46,3
DA:47,3
DA:48,3
DA:49,3
DA:50,5
DA:51,0
DA:52,0
DA:53,3
DA:54,3
LF:54
LH:52
BRDA:5,0,0,5
BRDA:10,1,0,4
BRDA:10,2,0,2
BRDA:15,3,0,3
BRDA:21,4,0,2
BRDA:22,5,0,2
BRDA:24,6,0,2
BRDA:29,7,0,3
BRDA:50,8,0,0
BRDA:53,9,0,3
BRF:10
BRH:9
end_of_record
TN:
SF:src/routes/change_language_en.ts
FN:6,changeLanguageEn
FNF:1
FNH:1
FNDA:5,changeLanguageEn
DA:1,1
DA:2,1
DA:3,1
DA:4,1
DA:5,1
DA:6,1
DA:7,5
DA:8,5
DA:9,5
DA:10,5
DA:11,5
DA:12,2
DA:13,2
DA:14,2
DA:15,2
DA:16,3
DA:17,3
DA:18,3
DA:19,3
DA:20,3
DA:21,3
DA:22,3
DA:23,5
DA:24,2
DA:25,5
DA:26,2
DA:27,2
DA:28,2
DA:29,2
DA:30,3
DA:31,3
DA:32,3
DA:33,3
DA:34,3
DA:35,3
DA:36,3
DA:37,3
DA:38,3
DA:39,3
DA:40,3
DA:41,3
DA:42,3
DA:43,3
DA:44,3
DA:45,3
DA:46,3
DA:47,3
DA:48,3
DA:49,3
DA:50,3
DA:51,5
DA:52,0
DA:53,0
DA:54,3
DA:55,3
LF:55
LH:53
BRDA:6,0,0,5
BRDA:11,1,0,4
BRDA:11,2,0,2
BRDA:16,3,0,3
BRDA:22,4,0,2
BRDA:23,5,0,2
BRDA:25,6,0,2
BRDA:30,7,0,3
BRDA:51,8,0,0
BRDA:54,9,0,3
BRF:10
BRH:9
end_of_record
TN:
SF:src/routes/config.ts
FN:5,config
FNF:1
FNH:1
FNDA:2,config
DA:1,1
DA:2,1
DA:3,1
DA:4,1
DA:5,1
DA:6,2
DA:7,2
DA:8,2
DA:9,2
DA:10,2
DA:11,2
DA:12,2
DA:13,2
DA:14,2
DA:15,2
DA:16,2
DA:17,2
DA:18,2
DA:19,2
DA:20,2
DA:21,2
DA:22,2
DA:23,2
DA:24,2
DA:25,2
DA:26,2
DA:27,2
DA:28,2
DA:29,2
DA:30,2
DA:31,2
DA:32,2
DA:33,2
DA:34,2
DA:35,2
DA:36,2
DA:37,2
DA:38,2
DA:39,2
DA:40,2
DA:41,2
DA:42,2
DA:43,2
DA:44,2
DA:45,2
DA:46,2
DA:47,2
DA:48,2
DA:49,2
DA:50,0
DA:51,0
DA:52,2
LF:52
LH:50
BRDA:5,0,0,2
BRDA:49,1,0,0
BRDA:12,2,0,2
BRF:3
BRH:2
end_of_record
TN:
SF:src/routes/convert_yrl.ts
FN:7,convertYrl
FNF:1
FNH:1
FNDA:2,convertYrl
DA:1,1
DA:2,1
DA:3,1
DA:4,1
DA:5,1
DA:6,1
DA:7,1
DA:8,2
DA:9,2
DA:10,2
DA:11,1
DA:12,1
DA:13,1
DA:14,1
DA:15,1
DA:16,1
DA:17,1
DA:18,1
DA:19,1
DA:20,1
DA:21,1
DA:22,1
DA:23,1
DA:24,1
DA:25,1
DA:26,1
DA:27,1
DA:28,1
DA:29,1
DA:30,2
DA:31,0
DA:32,0
DA:33,1
DA:34,1
DA:35,1
DA:36,1
DA:37,1
DA:38,1
DA:39,1
DA:40,1
DA:41,1
DA:42,1
DA:43,1
DA:44,1
DA:45,1
DA:46,1
DA:47,1
DA:48,1
DA:49,1
DA:50,1
DA:51,1
DA:52,1
DA:53,1
DA:54,1
DA:55,1
DA:56,2
DA:57,0
DA:58,0
DA:59,2
DA:60,0
DA:61,0
DA:62,2
LF:62
LH:56
BRDA:7,0,0,2
BRDA:10,1,0,1
BRDA:30,2,0,0
BRDA:33,3,0,1
BRDA:56,4,0,0
BRDA:59,5,0,0
BRDA:53,6,0,1
BRF:7
BRH:4
end_of_record
TN:
SF:src/routes/correct_yrl.ts
FN:6,correctYrl
FNF:1
FNH:1
FNDA:1,correctYrl
DA:1,1
DA:2,1
DA:3,1
DA:4,1
DA:5,1
DA:6,1
DA:7,1
DA:8,1
DA:9,1
DA:10,1
DA:11,1
DA:12,1
DA:13,1
DA:14,1
DA:15,1
DA:16,1
DA:17,1
DA:18,1
DA:19,1
DA:20,1
DA:21,1
DA:22,1
DA:23,1
DA:24,1
DA:25,1
DA:26,1
DA:27,1
DA:28,1
DA:29,1
DA:30,1
DA:31,1
DA:32,1
DA:33,1
DA:34,1
DA:35,1
DA:36,1
DA:37,1
DA:38,1
DA:39,1
DA:40,1
DA:41,1
DA:42,3
DA:43,1
DA:44,1
DA:45,1
DA:46,1
DA:47,1
DA:48,1
DA:49,1
DA:50,1
DA:51,1
DA:52,0
DA:53,0
DA:54,1
DA:55,1
DA:56,1
DA:57,1
DA:58,1
DA:59,1
DA:60,1
DA:61,1
DA:62,1
DA:63,1
DA:64,1
DA:65,1
DA:66,1
DA:67,1
DA:68,1
DA:69,1
DA:70,1
DA:71,1
DA:72,1
DA:73,1
DA:74,1
DA:75,1
DA:76,1
DA:77,1
DA:78,1
DA:79,1
DA:80,1
DA:81,0
DA:82,0
DA:83,1
DA:84,0
DA:85,0
DA:86,1
LF:86
LH:80
BRDA:6,0,0,1
BRDA:51,1,0,0
BRDA:80,2,0,0
BRDA:83,3,0,0
BRDA:21,4,0,1
BRDA:24,5,0,1
BRDA:40,6,0,1
BRDA:41,7,0,3
BRDA:77,8,0,1
BRF:9
BRH:6
end_of_record
TN:
SF:src/routes/dic_words.ts
FN:5,dicWords
FNF:1
FNH:1
FNDA:2,dicWords
DA:1,1
DA:2,1
DA:3,1
DA:4,1
DA:5,1
DA:6,2
DA:7,2
DA:8,2
DA:9,2
DA:10,2
DA:11,2
DA:12,2
DA:13,2
DA:14,0
DA:15,0
DA:16,2
LF:16
LH:14
BRDA:5,0,0,2
BRDA:13,1,0,0
BRF:2
BRH:1
end_of_record
TN:
SF:src/routes/dic_words_en.ts
FN:4,dicWordsEn
FNF:1
FNH:1
FNDA:2,dicWordsEn
DA:1,1
DA:2,1
DA:3,1
DA:4,1
DA:5,2
DA:6,2
DA:7,2
DA:8,2
DA:9,2
DA:10,2
DA:11,2
DA:12,2
DA:13,0
DA:14,0
DA:15,2
LF:15
LH:13
BRDA:4,0,0,2
BRDA:12,1,0,0
BRF:2
BRH:1
end_of_record
TN:
SF:src/routes/language_urls.ts
FN:5,languageUrls
FNF:1
FNH:1
FNDA:3,languageUrls
DA:1,1
DA:2,1
DA:3,1
DA:4,1
DA:5,1
DA:6,3
DA:7,3
DA:8,3
DA:9,1
DA:10,1
DA:11,1
DA:12,1
DA:13,2
DA:14,2
DA:15,2
DA:16,2
DA:17,2
DA:18,2
DA:19,2
DA:20,2
DA:21,1
DA:22,2
DA:23,1
DA:24,1
DA:25,1
DA:26,1
DA:27,1
DA:28,1
DA:29,1
DA:30,1
DA:31,1
DA:32,1
DA:33,1
DA:34,1
DA:35,1
DA:36,1
DA:37,1
DA:38,2
DA:39,3
DA:40,0
DA:41,0
DA:42,3
LF:42
LH:40
BRDA:5,0,0,3
BRDA:8,1,0,1
BRDA:13,2,0,2
BRDA:39,3,0,0
BRDA:18,4,0,2
BRDA:20,5,0,1
BRDA:22,6,0,1
BRF:7
BRH:6
end_of_record
TN:
SF:src/routes/languages.ts
FN:5,languages
FNF:1
FNH:1
FNDA:2,languages
DA:1,1
DA:2,1
DA:3,1
DA:4,1
DA:5,1
DA:6,2
DA:7,2
DA:8,2
DA:9,2
DA:10,2
DA:11,2
DA:12,2
DA:13,2
DA:14,2
DA:15,2
DA:16,2
DA:17,2
DA:18,0
DA:19,0
DA:20,2
LF:20
LH:18
BRDA:5,0,0,2
BRDA:17,1,0,0
BRF:2
BRH:1
end_of_record
TN:
SF:src/routes/next_word_info.ts
FN:4,nextWordInfo
FNF:1
FNH:1
FNDA:2,nextWordInfo
DA:1,1
DA:2,1
DA:3,1
DA:4,1
DA:5,2
DA:6,2
DA:7,2
DA:8,2
DA:9,2
DA:10,2
DA:11,2
DA:12,2
DA:13,2
DA:14,2
DA:15,0
DA:16,0
DA:17,2
LF:17
LH:15
BRDA:4,0,0,2
BRDA:14,1,0,0
BRF:2
BRH:1
end_of_record
TN:
SF:src/routes/timeout.ts
FN:4,timeout
FNF:1
FNH:1
FNDA:2,timeout
DA:1,1
DA:2,1
DA:3,1
DA:4,1
DA:5,2
DA:6,2
DA:7,2
DA:8,2
DA:9,2
DA:10,2
DA:11,2
DA:12,2
DA:13,0
DA:14,0
DA:15,2
LF:15
LH:13
BRDA:4,0,0,2
BRDA:12,1,0,0
BRF:2
BRH:1
end_of_record
TN:
SF:src/routes/translate_en.ts
FN:8,translateEn
FNF:1
FNH:1
FNDA:4,translateEn
DA:1,1
DA:2,1
DA:3,1
DA:4,1
DA:5,1
DA:6,1
DA:7,1
DA:8,1
DA:9,4
DA:10,4
DA:11,4
DA:12,4
DA:13,4
DA:14,2
DA:15,2
DA:16,2
DA:17,2
DA:18,2
DA:19,4
DA:20,0
DA:21,0
DA:22,2
DA:23,4
DA:24,2
DA:25,2
DA:26,2
DA:27,2
DA:28,2
DA:29,2
DA:30,2
DA:31,2
DA:32,2
DA:33,2
DA:34,2
DA:35,2
DA:36,2
DA:37,2
DA:38,2
DA:39,4
DA:40,0
DA:41,0
DA:42,2
DA:43,2
DA:44,2
DA:45,2
DA:46,2
DA:47,2
DA:48,2
DA:49,2
DA:50,2
DA:51,2
DA:52,2
DA:53,2
DA:54,2
DA:55,2
DA:56,2
DA:57,2
DA:58,2
DA:59,2
DA:60,2
DA:61,2
DA:62,2
DA:63,2
DA:64,2
DA:65,2
DA:66,4
DA:67,0
DA:68,0
DA:69,4
DA:70,0
DA:71,0
DA:72,4
LF:72
LH:64
BRDA:8,0,0,4
BRDA:13,1,0,2
BRDA:13,2,0,2
BRDA:19,3,0,0
BRDA:22,4,0,2
BRDA:23,5,0,0
BRDA:24,6,0,2
BRDA:39,7,0,0
BRDA:42,8,0,2
BRDA:66,9,0,0
BRDA:69,10,0,0
BRDA:63,11,0,2
BRF:12
BRH:7
end_of_record
TN:
SF:src/routes/translate_pt.ts
FN:6,translatePt
FNF:1
FNH:1
FNDA:4,translatePt
DA:1,1
DA:2,1
DA:3,1
DA:4,1
DA:5,1
DA:6,1
DA:7,4
DA:8,4
DA:9,4
DA:10,4
DA:11,4
DA:12,2
DA:13,2
DA:14,2
DA:15,2
DA:16,2
DA:17,4
DA:18,0
DA:19,0
DA:20,2
DA:21,2
DA:22,4
DA:23,2
DA:24,2
DA:25,2
DA:26,2
DA:27,2
DA:28,2
DA:29,2
DA:30,2
DA:31,2
DA:32,2
DA:33,2
DA:34,2
DA:35,2
DA:36,2
DA:37,2
DA:38,4
DA:39,0
DA:40,0
DA:41,2
DA:42,2
DA:43,2
DA:44,2
DA:45,2
DA:46,2
DA:47,2
DA:48,2
DA:49,2
DA:50,2
DA:51,2
DA:52,2
DA:53,2
DA:54,2
DA:55,2
DA:56,2
DA:57,2
DA:58,2
DA:59,2
DA:60,2
DA:61,2
DA:62,2
DA:63,2
DA:64,2
DA:65,4
DA:66,0
DA:67,0
DA:68,4
DA:69,0
DA:70,0
DA:71,4
LF:71
LH:63
BRDA:6,0,0,4
BRDA:11,1,0,2
BRDA:11,2,0,2
BRDA:17,3,0,0
BRDA:20,4,0,2
BRDA:22,5,0,0
BRDA:23,6,0,2
BRDA:38,7,0,0
BRDA:41,8,0,2
BRDA:65,9,0,0
BRDA:68,10,0,0
BRDA:62,11,0,2
BRF:12
BRH:7
end_of_record
TN:
SF:src/routes/translate_yrl.ts
FN:6,translateYrl
FNF:1
FNH:1
FNDA:4,translateYrl
DA:1,1
DA:2,1
DA:3,1
DA:4,1
DA:5,1
DA:6,1
DA:7,4
DA:8,4
DA:9,4
DA:10,4
DA:11,4
DA:12,2
DA:13,2
DA:14,2
DA:15,2
DA:16,4
DA:17,1
DA:18,1
DA:19,2
DA:20,4
DA:21,2
DA:22,2
DA:23,2
DA:24,2
DA:25,2
DA:26,2
DA:27,2
DA:28,2
DA:29,2
DA:30,2
DA:31,2
DA:32,2
DA:33,2
DA:34,2
DA:35,2
DA:36,2
DA:37,2
DA:38,2
DA:39,2
DA:40,2
DA:41,2
DA:42,2
DA:43,2
DA:44,2
DA:45,2
DA:46,2
DA:47,2
DA:48,4
DA:49,0
DA:50,0
DA:51,2
DA:52,2
DA:53,2
DA:54,2
DA:55,2
DA:56,2
DA:57,2
DA:58,2
DA:59,2
DA:60,2
DA:61,2
DA:62,2
DA:63,2
DA:64,2
DA:65,2
DA:66,2
DA:67,2
DA:68,2
DA:69,2
DA:70,2
DA:71,2
DA:72,2
DA:73,2
DA:74,2
DA:75,2
DA:76,2
DA:77,4
DA:78,0
DA:79,0
DA:80,4
DA:81,0
DA:82,0
DA:83,4
LF:83
LH:77
BRDA:6,0,0,4
BRDA:11,1,0,2
BRDA:11,2,0,2
BRDA:16,3,0,1
BRDA:19,4,0,2
BRDA:20,5,0,1
BRDA:21,6,0,2
BRDA:48,7,0,0
BRDA:51,8,0,2
BRDA:77,9,0,0
BRDA:80,10,0,0
BRDA:26,11,0,2
BRDA:29,12,0,2
BRDA:74,13,0,2
BRF:14
BRH:11
end_of_record
TN:
SF:src/routes/translate_yrl_en.ts
FN:6,translateYrlEn
FNF:1
FNH:1
FNDA:4,translateYrlEn
DA:1,1
DA:2,1
DA:3,1
DA:4,1
DA:5,1
DA:6,1
DA:7,4
DA:8,4
DA:9,4
DA:10,4
DA:11,2
DA:12,2
DA:13,2
DA:14,2
DA:15,4
DA:16,1
DA:17,1
DA:18,2
DA:19,2
DA:20,4
DA:21,2
DA:22,2
DA:23,2
DA:24,2
DA:25,2
DA:26,2
DA:27,2
DA:28,2
DA:29,2
DA:30,2
DA:31,2
DA:32,2
DA:33,2
DA:34,2
DA:35,2
DA:36,2
DA:37,2
DA:38,2
DA:39,2
DA:40,2
DA:41,2
DA:42,2
DA:43,2
DA:44,2
DA:45,2
DA:46,2
DA:47,4
DA:48,0
DA:49,0
DA:50,2
DA:51,2
DA:52,2
DA:53,2
DA:54,2
DA:55,2
DA:56,2
DA:57,2
DA:58,2
DA:59,2
DA:60,2
DA:61,2
DA:62,2
DA:63,2
DA:64,2
DA:65,2
DA:66,2
DA:67,2
DA:68,2
DA:69,2
DA:70,2
DA:71,2
DA:72,2
DA:73,2
DA:74,2
DA:75,2
DA:76,4
DA:77,0
DA:78,0
DA:79,4
DA:80,0
DA:81,0
DA:82,4
LF:82
LH:76
BRDA:6,0,0,4
BRDA:10,1,0,2
BRDA:10,2,0,2
BRDA:15,3,0,1
BRDA:18,4,0,2
BRDA:20,5,0,1
BRDA:21,6,0,2
BRDA:47,7,0,0
BRDA:50,8,0,2
BRDA:76,9,0,0
BRDA:79,10,0,0
BRDA:26,11,0,2
BRDA:29,12,0,2
BRDA:73,13,0,2
BRF:14
BRH:11
end_of_record
TN:
SF:src/routes/verify_token.ts
FN:5,tokenMiddleware
FN:32,verifyToken
FNF:2
FNH:2
FNDA:23,tokenMiddleware
FNDA:3,verifyToken
DA:1,1
DA:2,1
DA:3,1
DA:4,1
DA:5,1
DA:6,23
DA:7,23
DA:8,23
DA:9,23
DA:10,23
DA:11,23
DA:12,0
DA:13,0
DA:14,0
DA:15,23
DA:16,23
DA:17,23
DA:18,23
DA:19,23
DA:20,23
DA:21,23
DA:22,0
DA:23,0
DA:24,0
DA:25,0
DA:26,0
DA:27,23
DA:28,23
DA:29,23
DA:30,23
DA:31,1
DA:32,1
DA:33,3
DA:34,3
DA:35,3
DA:36,1
DA:37,1
DA:38,1
DA:39,3
DA:40,2
DA:41,2
DA:42,1
DA:43,1
DA:44,1
DA:45,1
DA:46,1
DA:47,1
DA:48,1
DA:49,1
DA:50,2
DA:51,2
DA:52,3
LF:52
LH:44
BRDA:5,0,0,23
BRDA:11,1,0,0
BRDA:21,2,0,0
BRDA:32,3,0,3
BRDA:35,4,0,1
BRDA:39,5,0,2
BRDA:40,6,0,2
BRDA:41,7,0,1
BRF:8
BRH:6
end_of_record
TN:
SF:src/routes/verify_token_en.ts
FN:5,tokenMiddlewareEn
FN:33,verifyTokenEn
FNF:2
FNH:2
FNDA:15,tokenMiddlewareEn
FNDA:3,verifyTokenEn
DA:1,1
DA:2,1
DA:3,1
DA:4,1
DA:5,1
DA:6,15
DA:7,15
DA:8,15
DA:9,15
DA:10,15
DA:11,15
DA:12,15
DA:13,0
DA:14,0
DA:15,0
DA:16,15
DA:17,15
DA:18,15
DA:19,15
DA:20,15
DA:21,15
DA:22,15
DA:23,0
DA:24,0
DA:25,0
DA:26,0
DA:27,0
DA:28,15
DA:29,15
DA:30,15
DA:31,15
DA:32,1
DA:33,1
DA:34,3
DA:35,3
DA:36,3
DA:37,1
DA:38,1
DA:39,1
DA:40,1
DA:41,3
DA:42,2
DA:43,2
DA:44,1
DA:45,1
DA:46,1
DA:47,1
DA:48,1
DA:49,1
DA:50,1
DA:51,1
DA:52,2
DA:53,2
DA:54,3
LF:54
LH:46
BRDA:5,0,0,15
BRDA:12,1,0,0
BRDA:22,2,0,0
BRDA:33,3,0,3
BRDA:36,4,0,1
BRDA:41,5,0,2
BRDA:42,6,0,2
BRDA:43,7,0,1
BRF:8
BRH:6
end_of_record
